============================= test session starts =============================
platform win32 -- Python 3.11.9, pytest-9.0.2, pluggy-1.6.0
rootdir: C:\Users\mazla\.antigravity\repos\drifter
plugins: anyio-4.12.1
collected 148 items

tests\test_alert_engine.py ............................................. [ 30%]
...                                                                      [ 32%]
tests\test_alert_hysteresis.py .....                                     [ 35%]
tests\test_anomaly_monitor.py .........                                  [ 41%]
tests\test_can_bridge.py .................                               [ 53%]
tests\test_db.py ........                                                [ 58%]
tests\test_llm_client.py .............                                   [ 67%]
tests\test_realdash_bridge.py ..........                                 [ 74%]
tests\test_session_analyst.py ......                                     [ 78%]
tests\test_settings.py .......F.                                         [ 84%]
tests\test_tool_executor.py .........                                    [ 90%]
tests\test_wardrive.py ..............                                    [100%]

================================== FAILURES ===================================
___________ TestSaveSettings.test_returns_false_on_permission_error ___________

self = <tests.test_settings.TestSaveSettings object at 0x00000217BA734150>
tmp_path = WindowsPath('C:/Users/mazla/AppData/Local/Temp/pytest-of-mazla/pytest-22/test_returns_false_on_permissi0')

    def test_returns_false_on_permission_error(self, tmp_path):
        # Use a path that can't be written
        fake_path = Path("/proc/nonexistent/settings.json")
        with patch.object(config, 'SETTINGS_FILE', fake_path):
            ok = config.save_settings({'test': True})
>       assert ok is False
E       assert True is False

tests\test_settings.py:83: AssertionError
============================== warnings summary ===============================
tests/test_anomaly_monitor.py::test_cold_start_filter_suppresses_anomalies
tests/test_anomaly_monitor.py::test_warm_engine_logs_anomaly
tests/test_anomaly_monitor.py::test_rpm_instability_at_idle
tests/test_anomaly_monitor.py::test_check_sensor_rejects_non_numeric_value
tests/test_anomaly_monitor.py::test_float_coercion_in_on_message
  C:\Users\mazla\.antigravity\repos\drifter\src\anomaly_monitor.py:87: DeprecationWarning: Callback API version 1 is deprecated, update to latest version
    self.client = mqtt.Client(client_id="drifter-anomaly-monitor")

-- Docs: https://docs.pytest.org/en/stable/how-to/capture-warnings.html
=========================== short test summary info ===========================
FAILED tests/test_settings.py::TestSaveSettings::test_returns_false_on_permission_error
================== 1 failed, 147 passed, 5 warnings in 2.02s ==================
